<?xml version="1.0" encoding="UTF-8"?>
<!-- Generated by org.testng.reporters.JUnitReportReporter -->
<testsuite hostname="pritic" name="guru99.Login" tests="3" failures="0" timestamp="29 Mar 2021 22:07:53 GMT" time="12.281" errors="0">
  <testcase name="verifydata" time="3.946" classname="guru99.Login"/>
  <testcase name="verifydata" time="4.572" classname="guru99.Login"/>
  <testcase name="verifydata" time="3.763" classname="guru99.Login"/>
</testsuite> <!-- guru99.Login -->
