<?xml version="1.0" encoding="UTF-8"?>
<!-- Generated by org.testng.reporters.JUnitReportReporter -->
<testsuite hostname="pritic" name="priti.Priti" tests="4" failures="0" timestamp="29 Mar 2021 22:07:53 GMT" time="30.913" errors="0">
  <testcase name="editEmp" time="0.000" classname="priti.Priti"/>
  <testcase name="VerifyLogin" time="10.365" classname="priti.Priti"/>
  <testcase name="deleteEmp" time="0.001" classname="priti.Priti"/>
  <testcase name="AddEmp" time="20.547" classname="priti.Priti"/>
</testsuite> <!-- priti.Priti -->
