<?xml version="1.0" encoding="UTF-8"?>
<!-- Generated by org.testng.reporters.JUnitReportReporter -->
<testsuite hostname="pritic" name="priti.Priti" tests="4" failures="0" timestamp="20 Feb 2021 22:36:09 GMT" time="34.091" errors="0">
  <testcase name="AddEmp" time="22.372" classname="priti.Priti"/>
  <testcase name="deleteEmp" time="0.003" classname="priti.Priti"/>
  <testcase name="editEmp" time="0.001" classname="priti.Priti"/>
  <testcase name="VerifyLogin" time="11.715" classname="priti.Priti"/>
</testsuite> <!-- priti.Priti -->
